<?xml version="1.0" encoding="UTF-8"?>
<testsuite name="com.restassured.tests.TestJson" tests="1" skipped="0" failures="0" errors="0" timestamp="2020-04-10T01:52:40" hostname="DESKTOP-K3T435G" time="3.992">
  <properties/>
  <testcase name="unindo jsonPath com Kotlin()" classname="com.restassured.tests.TestJson" time="3.992"/>
  <system-out><![CDATA[22:52:42.503 [Test worker] DEBUG org.apache.http.impl.conn.BasicClientConnectionManager - Get connection for route {s}->https://restapi.wcaquino.me:443
22:52:42.562 [Test worker] DEBUG org.apache.http.impl.conn.DefaultClientConnectionOperator - Connecting to restapi.wcaquino.me:443
22:52:44.012 [Test worker] DEBUG org.apache.http.client.protocol.RequestAddCookies - CookieSpec selected: ignoreCookies
22:52:44.014 [Test worker] DEBUG org.apache.http.client.protocol.RequestAuthCache - Auth cache not set in the context
22:52:44.014 [Test worker] DEBUG org.apache.http.client.protocol.RequestTargetAuthentication - Target auth state: UNCHALLENGED
22:52:44.014 [Test worker] DEBUG org.apache.http.client.protocol.RequestProxyAuthentication - Proxy auth state: UNCHALLENGED
22:52:44.015 [Test worker] DEBUG org.apache.http.impl.client.DefaultHttpClient - Attempt 1 to execute request
22:52:44.015 [Test worker] DEBUG org.apache.http.impl.conn.DefaultClientConnection - Sending request: GET /users HTTP/1.1
22:52:44.015 [Test worker] DEBUG org.apache.http.wire -  >> "GET /users HTTP/1.1[\r][\n]"
22:52:44.016 [Test worker] DEBUG org.apache.http.wire -  >> "Accept: */*[\r][\n]"
22:52:44.016 [Test worker] DEBUG org.apache.http.wire -  >> "Host: restapi.wcaquino.me[\r][\n]"
22:52:44.016 [Test worker] DEBUG org.apache.http.wire -  >> "Connection: Keep-Alive[\r][\n]"
22:52:44.016 [Test worker] DEBUG org.apache.http.wire -  >> "User-Agent: Apache-HttpClient/4.5.12 (Java/1.8.0_221)[\r][\n]"
22:52:44.016 [Test worker] DEBUG org.apache.http.wire -  >> "Accept-Encoding: gzip,deflate[\r][\n]"
22:52:44.016 [Test worker] DEBUG org.apache.http.wire -  >> "[\r][\n]"
22:52:44.016 [Test worker] DEBUG org.apache.http.headers - >> GET /users HTTP/1.1
22:52:44.017 [Test worker] DEBUG org.apache.http.headers - >> Accept: */*
22:52:44.017 [Test worker] DEBUG org.apache.http.headers - >> Host: restapi.wcaquino.me
22:52:44.017 [Test worker] DEBUG org.apache.http.headers - >> Connection: Keep-Alive
22:52:44.017 [Test worker] DEBUG org.apache.http.headers - >> User-Agent: Apache-HttpClient/4.5.12 (Java/1.8.0_221)
22:52:44.017 [Test worker] DEBUG org.apache.http.headers - >> Accept-Encoding: gzip,deflate
22:52:44.213 [Test worker] DEBUG org.apache.http.wire -  << "HTTP/1.1 200 OK[\r][\n]"
22:52:44.215 [Test worker] DEBUG org.apache.http.wire -  << "Server: nginx/1.12.1 (Ubuntu)[\r][\n]"
22:52:44.215 [Test worker] DEBUG org.apache.http.wire -  << "Date: Fri, 10 Apr 2020 01:52:43 GMT[\r][\n]"
22:52:44.215 [Test worker] DEBUG org.apache.http.wire -  << "Content-Type: application/json; charset=utf-8[\r][\n]"
22:52:44.215 [Test worker] DEBUG org.apache.http.wire -  << "Content-Length: 252[\r][\n]"
22:52:44.215 [Test worker] DEBUG org.apache.http.wire -  << "Connection: keep-alive[\r][\n]"
22:52:44.215 [Test worker] DEBUG org.apache.http.wire -  << "X-Powered-By: Express[\r][\n]"
22:52:44.215 [Test worker] DEBUG org.apache.http.wire -  << "ETag: W/"fc-QgZUfb9tXxph9k/5XYXDvSt1Cwg"[\r][\n]"
22:52:44.215 [Test worker] DEBUG org.apache.http.wire -  << "[\r][\n]"
22:52:44.216 [Test worker] DEBUG org.apache.http.impl.conn.DefaultClientConnection - Receiving response: HTTP/1.1 200 OK
22:52:44.216 [Test worker] DEBUG org.apache.http.headers - << HTTP/1.1 200 OK
22:52:44.216 [Test worker] DEBUG org.apache.http.headers - << Server: nginx/1.12.1 (Ubuntu)
22:52:44.216 [Test worker] DEBUG org.apache.http.headers - << Date: Fri, 10 Apr 2020 01:52:43 GMT
22:52:44.216 [Test worker] DEBUG org.apache.http.headers - << Content-Type: application/json; charset=utf-8
22:52:44.216 [Test worker] DEBUG org.apache.http.headers - << Content-Length: 252
22:52:44.216 [Test worker] DEBUG org.apache.http.headers - << Connection: keep-alive
22:52:44.216 [Test worker] DEBUG org.apache.http.headers - << X-Powered-By: Express
22:52:44.216 [Test worker] DEBUG org.apache.http.headers - << ETag: W/"fc-QgZUfb9tXxph9k/5XYXDvSt1Cwg"
22:52:44.220 [Test worker] DEBUG org.apache.http.impl.client.DefaultHttpClient - Connection can be kept alive indefinitely
22:52:44.244 [Test worker] DEBUG io.restassured.internal.RequestSpecificationImpl$RestAssuredHttpBuilder - Parsing response as: application/json; charset=utf-8
22:52:44.244 [Test worker] DEBUG io.restassured.internal.RequestSpecificationImpl$RestAssuredHttpBuilder - Parsed data to instance of: class org.apache.http.conn.EofSensorInputStream
22:52:44.342 [Test worker] DEBUG org.apache.http.wire -  << "[{"id":1,"name":"Jo[0xc3][0xa3]o da Silva","age":30,"salary":1234.5678},{"id":2,"name":"Maria Joaquina","endereco":{"rua":"Rua dos bobos","numero":0},"age":25,"salary":2500},{"id":3,"name":"Ana J[0xc3][0xba]lia","age":20,"filhos":[{"name":"Zezinho"},{"name":"Luizinho"}]}]"
22:52:44.343 [Test worker] DEBUG org.apache.http.impl.conn.BasicClientConnectionManager - Releasing connection org.apache.http.impl.conn.ManagedClientConnectionImpl@4117bd87
22:52:44.343 [Test worker] DEBUG org.apache.http.impl.conn.BasicClientConnectionManager - Connection can be kept alive indefinitely
]]></system-out>
  <system-err><![CDATA[]]></system-err>
</testsuite>
